<?xml version="1.0" encoding="UTF-8"?>
<!-- Generated by org.testng.reporters.JUnitReportReporter -->
<testsuite hostname="Rafal-Komputer" failures="0" tests="1" name="practicepackage.NewTest" time="0.022" errors="0" timestamp="2020-04-08T20:24:46 CEST" skipped="0">
  <testcase classname="practicepackage.NewTest" name="f" time="0.022"/>
</testsuite> <!-- practicepackage.NewTest -->
