<?xml version="1.0" encoding="UTF-8"?>
<!-- Generated by org.testng.reporters.JUnitReportReporter -->
<testsuite hostname="Rafal-Komputer" failures="0" tests="4" name="practicepackage.GroupTestCase" time="0.049" errors="0" timestamp="2020-04-09T14:27:38 CEST" skipped="0">
  <testcase classname="practicepackage.GroupTestCase" name="printCats" time="0.021"/>
  <testcase classname="practicepackage.GroupTestCase" name="printFiat" time="0.021"/>
  <testcase classname="practicepackage.GroupTestCase" name="printPeugeot" time="0.004"/>
  <testcase classname="practicepackage.GroupTestCase" name="printDogs" time="0.003"/>
</testsuite> <!-- practicepackage.GroupTestCase -->
